<?xml version="1.0" encoding="UTF-8"?>
<!-- Generated by org.testng.reporters.JUnitXMLReporter -->
<testsuite ignored="0" hostname="CDWILT004" failures="0" tests="9" name="Default test" time="17.096" errors="0" timestamp="2022-07-27T15:37:58 SGT">
  <testcase classname="frontend.Logout" name="goToSite" time="1.579"/>
  <testcase classname="frontend.Logout" name="closeAnnouncement" time="3.743"/>
  <testcase classname="frontend.Logout" name="clickLoginOption" time="1.099"/>
  <testcase classname="frontend.Logout" name="inputUserID" time="0.171"/>
  <testcase classname="frontend.Logout" name="inputPassID" time="1.262"/>
  <testcase classname="frontend.Logout" name="inputOTP" time="0.103"/>
  <testcase classname="frontend.Logout" name="clickLoginButton" time="0.073"/>
  <testcase classname="frontend.Logout" name="verifyLogin" time="1.575"/>
  <testcase classname="frontend.Logout" name="clickLogoutButton" time="3.423"/>
</testsuite> <!-- Default test -->
