<?xml version="1.0" encoding="UTF-8"?>
<!-- Generated by org.testng.reporters.JUnitXMLReporter -->
<testsuite ignored="0" hostname="CDWILT004" failures="0" tests="10" name="Default test" time="20.066" errors="0" timestamp="2022-07-28T10:42:36 SGT">
  <testcase classname="frontend.Register" name="goToSite" time="1.855"/>
  <testcase classname="frontend.Register" name="closeAnnouncement" time="3.712"/>
  <testcase classname="frontend.Register" name="clickRegisterOption" time="1.085"/>
  <testcase classname="frontend.Register" name="inputUserID" time="0.153"/>
  <testcase classname="frontend.Register" name="inputPassID" time="1.247"/>
  <testcase classname="frontend.Register" name="inputCaptcha" time="0.097"/>
  <testcase classname="frontend.Register" name="inputReferral" time="1.187"/>
  <testcase classname="frontend.Register" name="inputDateOfBirth" time="0.84"/>
  <testcase classname="frontend.Register" name="clickRegisterButton" time="0.067"/>
  <testcase classname="frontend.Register" name="verifyRegister" time="6.159"/>
</testsuite> <!-- Default test -->
