<?xml version="1.0" encoding="UTF-8"?>
<testng-results ignored="0" total="3" passed="1" failed="1" skipped="1">
  <reporter-output>
  </reporter-output>
  <suite started-at="2022-07-26T22:35:45 SGT" name="Default suite" finished-at="2022-07-26T22:35:48 SGT" duration-ms="3574">
    <groups>
    </groups>
    <test started-at="2022-07-26T22:35:45 SGT" name="Default test" finished-at="2022-07-26T22:35:48 SGT" duration-ms="3574">
      <class name="frontend.OpenSite">
        <test-method is-config="true" signature="setupBrowser()[pri:0, instance:frontend.OpenSite@11dee337]" started-at="2022-07-26T22:35:45 SGT" name="setupBrowser" finished-at="2022-07-26T22:35:46 SGT" duration-ms="1345" status="PASS">
          <reporter-output>
          </reporter-output>
        </test-method> <!-- setupBrowser -->
        <test-method signature="goToSite()[pri:0, instance:frontend.OpenSite@11dee337]" started-at="2022-07-26T22:35:46 SGT" name="goToSite" finished-at="2022-07-26T22:35:47 SGT" duration-ms="1179" status="PASS">
          <reporter-output>
          </reporter-output>
        </test-method> <!-- goToSite -->
        <test-method is-config="true" signature="logCaseStatus(org.testng.ITestResult)[pri:0, instance:frontend.OpenSite@11dee337]" started-at="2022-07-26T22:35:47 SGT" name="logCaseStatus" finished-at="2022-07-26T22:35:47 SGT" duration-ms="1" status="PASS">
          <params>
            <param index="0">
              <value>
                <![CDATA[[TestResult name=goToSite status=SUCCESS method=OpenSite.goToSite()[pri:0, instance:frontend.OpenSite@11dee337] output={null}]]]>
              </value>
            </param>
          </params>
          <reporter-output>
          </reporter-output>
        </test-method> <!-- logCaseStatus -->
        <test-method signature="skipTest()[pri:2, instance:frontend.OpenSite@11dee337]" started-at="2022-07-26T22:35:47 SGT" name="skipTest" finished-at="2022-07-26T22:35:47 SGT" duration-ms="0" status="SKIP">
          <exception class="org.testng.SkipException">
            <message>
              <![CDATA[Skipping]]>
            </message>
            <full-stacktrace>
              <![CDATA[org.testng.SkipException: Skipping
at frontend.OpenSite.skipTest(OpenSite.java:46)
at java.base/jdk.internal.reflect.NativeMethodAccessorImpl.invoke0(Native Method)
at java.base/jdk.internal.reflect.NativeMethodAccessorImpl.invoke(NativeMethodAccessorImpl.java:77)
at java.base/jdk.internal.reflect.DelegatingMethodAccessorImpl.invoke(DelegatingMethodAccessorImpl.java:43)
at java.base/java.lang.reflect.Method.invoke(Method.java:568)
at org.testng.internal.MethodInvocationHelper.invokeMethod(MethodInvocationHelper.java:133)
at org.testng.internal.TestInvoker.invokeMethod(TestInvoker.java:598)
at org.testng.internal.TestInvoker.invokeTestMethod(TestInvoker.java:173)
at org.testng.internal.MethodRunner.runInSequence(MethodRunner.java:46)
at org.testng.internal.TestInvoker$MethodInvocationAgent.invoke(TestInvoker.java:824)
at org.testng.internal.TestInvoker.invokeTestMethods(TestInvoker.java:146)
at org.testng.internal.TestMethodWorker.invokeTestMethods(TestMethodWorker.java:146)
at org.testng.internal.TestMethodWorker.run(TestMethodWorker.java:128)
at java.base/java.util.ArrayList.forEach(ArrayList.java:1511)
at org.testng.TestRunner.privateRun(TestRunner.java:794)
at org.testng.TestRunner.run(TestRunner.java:596)
at org.testng.SuiteRunner.runTest(SuiteRunner.java:377)
at org.testng.SuiteRunner.runSequentially(SuiteRunner.java:371)
at org.testng.SuiteRunner.privateRun(SuiteRunner.java:332)
at org.testng.SuiteRunner.run(SuiteRunner.java:276)
at org.testng.SuiteRunnerWorker.runSuite(SuiteRunnerWorker.java:53)
at org.testng.SuiteRunnerWorker.run(SuiteRunnerWorker.java:96)
at org.testng.TestNG.runSuitesSequentially(TestNG.java:1212)
at org.testng.TestNG.runSuitesLocally(TestNG.java:1134)
at org.testng.TestNG.runSuites(TestNG.java:1063)
at org.testng.TestNG.run(TestNG.java:1031)
at org.testng.remote.AbstractRemoteTestNG.run(AbstractRemoteTestNG.java:115)
at org.testng.remote.RemoteTestNG.initAndRun(RemoteTestNG.java:251)
at org.testng.remote.RemoteTestNG.main(RemoteTestNG.java:77)
]]>
            </full-stacktrace>
          </exception> <!-- org.testng.SkipException -->
          <reporter-output>
          </reporter-output>
        </test-method> <!-- skipTest -->
        <test-method is-config="true" signature="logCaseStatus(org.testng.ITestResult)[pri:0, instance:frontend.OpenSite@11dee337]" started-at="2022-07-26T22:35:47 SGT" name="logCaseStatus" finished-at="2022-07-26T22:35:47 SGT" duration-ms="0" status="PASS">
          <params>
            <param index="0">
              <value>
                <![CDATA[[TestResult name=skipTest status=SKIP method=OpenSite.skipTest()[pri:2, instance:frontend.OpenSite@11dee337] output={null}]]]>
              </value>
            </param>
          </params>
          <reporter-output>
          </reporter-output>
        </test-method> <!-- logCaseStatus -->
        <test-method signature="failTest()[pri:3, instance:frontend.OpenSite@11dee337]" started-at="2022-07-26T22:35:47 SGT" name="failTest" finished-at="2022-07-26T22:35:47 SGT" duration-ms="3" status="FAIL">
          <exception class="java.lang.AssertionError">
            <message>
              <![CDATA[expected [2] but found [1]]]>
            </message>
            <full-stacktrace>
              <![CDATA[java.lang.AssertionError: expected [2] but found [1]
at org.testng.Assert.fail(Assert.java:99)
at org.testng.Assert.failNotEquals(Assert.java:1037)
at org.testng.Assert.assertEqualsImpl(Assert.java:140)
at org.testng.Assert.assertEquals(Assert.java:122)
at org.testng.Assert.assertEquals(Assert.java:907)
at org.testng.Assert.assertEquals(Assert.java:917)
at frontend.OpenSite.failTest(OpenSite.java:52)
at java.base/jdk.internal.reflect.NativeMethodAccessorImpl.invoke0(Native Method)
at java.base/jdk.internal.reflect.NativeMethodAccessorImpl.invoke(NativeMethodAccessorImpl.java:77)
at java.base/jdk.internal.reflect.DelegatingMethodAccessorImpl.invoke(DelegatingMethodAccessorImpl.java:43)
at java.base/java.lang.reflect.Method.invoke(Method.java:568)
at org.testng.internal.MethodInvocationHelper.invokeMethod(MethodInvocationHelper.java:133)
at org.testng.internal.TestInvoker.invokeMethod(TestInvoker.java:598)
at org.testng.internal.TestInvoker.invokeTestMethod(TestInvoker.java:173)
at org.testng.internal.MethodRunner.runInSequence(MethodRunner.java:46)
at org.testng.internal.TestInvoker$MethodInvocationAgent.invoke(TestInvoker.java:824)
at org.testng.internal.TestInvoker.invokeTestMethods(TestInvoker.java:146)
at org.testng.internal.TestMethodWorker.invokeTestMethods(TestMethodWorker.java:146)
at org.testng.internal.TestMethodWorker.run(TestMethodWorker.java:128)
at java.base/java.util.ArrayList.forEach(ArrayList.java:1511)
at org.testng.TestRunner.privateRun(TestRunner.java:794)
at org.testng.TestRunner.run(TestRunner.java:596)
at org.testng.SuiteRunner.runTest(SuiteRunner.java:377)
at org.testng.SuiteRunner.runSequentially(SuiteRunner.java:371)
at org.testng.SuiteRunner.privateRun(SuiteRunner.java:332)
at org.testng.SuiteRunner.run(SuiteRunner.java:276)
at org.testng.SuiteRunnerWorker.runSuite(SuiteRunnerWorker.java:53)
at org.testng.SuiteRunnerWorker.run(SuiteRunnerWorker.java:96)
at org.testng.TestNG.runSuitesSequentially(TestNG.java:1212)
at org.testng.TestNG.runSuitesLocally(TestNG.java:1134)
at org.testng.TestNG.runSuites(TestNG.java:1063)
at org.testng.TestNG.run(TestNG.java:1031)
at org.testng.remote.AbstractRemoteTestNG.run(AbstractRemoteTestNG.java:115)
at org.testng.remote.RemoteTestNG.initAndRun(RemoteTestNG.java:251)
at org.testng.remote.RemoteTestNG.main(RemoteTestNG.java:77)
]]>
            </full-stacktrace>
          </exception> <!-- java.lang.AssertionError -->
          <reporter-output>
          </reporter-output>
        </test-method> <!-- failTest -->
        <test-method is-config="true" signature="logCaseStatus(org.testng.ITestResult)[pri:0, instance:frontend.OpenSite@11dee337]" started-at="2022-07-26T22:35:47 SGT" name="logCaseStatus" finished-at="2022-07-26T22:35:48 SGT" duration-ms="659" status="PASS">
          <params>
            <param index="0">
              <value>
                <![CDATA[[TestResult name=failTest status=FAILURE method=OpenSite.failTest()[pri:3, instance:frontend.OpenSite@11dee337] output={null}]]]>
              </value>
            </param>
          </params>
          <reporter-output>
          </reporter-output>
        </test-method> <!-- logCaseStatus -->
        <test-method is-config="true" signature="stopBrowser()[pri:0, instance:frontend.OpenSite@11dee337]" started-at="2022-07-26T22:35:48 SGT" name="stopBrowser" finished-at="2022-07-26T22:35:48 SGT" duration-ms="349" status="PASS">
          <reporter-output>
          </reporter-output>
        </test-method> <!-- stopBrowser -->
      </class> <!-- frontend.OpenSite -->
    </test> <!-- Default test -->
  </suite> <!-- Default suite -->
</testng-results>
